<?xml version="1.0" encoding="UTF-8"?>
<testng-results ignored="0" total="1" passed="1" failed="0" skipped="0">
  <reporter-output>
  </reporter-output>
  <suite started-at="2025-12-25T19:20:24 GMT+05:45" name="Registration Suite" finished-at="2025-12-25T19:20:53 GMT+05:45" duration-ms="29101">
    <groups>
    </groups>
    <test started-at="2025-12-25T19:20:24 GMT+05:45" name="EndToEndTest" finished-at="2025-12-25T19:20:53 GMT+05:45" duration-ms="29101">
      <class name="test.RegistrationTest">
        <test-method is-config="true" signature="setUp()[pri:0, instance:test.RegistrationTest@38d8f54a]" started-at="2025-12-25T19:20:24 GMT+05:45" name="setUp" finished-at="2025-12-25T19:20:25 GMT+05:45" duration-ms="1190" status="PASS">
          <reporter-output>
          </reporter-output>
        </test-method> <!-- setUp -->
        <test-method signature="testFullRegistrationFlow()[pri:0, instance:test.RegistrationTest@38d8f54a]" started-at="2025-12-25T19:20:25 GMT+05:45" name="testFullRegistrationFlow" finished-at="2025-12-25T19:20:53 GMT+05:45" duration-ms="27709" status="PASS">
          <reporter-output>
          </reporter-output>
        </test-method> <!-- testFullRegistrationFlow -->
        <test-method is-config="true" signature="tearDown()[pri:0, instance:test.RegistrationTest@38d8f54a]" started-at="2025-12-25T19:20:53 GMT+05:45" name="tearDown" finished-at="2025-12-25T19:20:53 GMT+05:45" duration-ms="177" status="PASS">
          <reporter-output>
          </reporter-output>
        </test-method> <!-- tearDown -->
      </class> <!-- test.RegistrationTest -->
    </test> <!-- EndToEndTest -->
  </suite> <!-- Registration Suite -->
</testng-results>
